<?xml version="1.0" encoding="UTF-8"?>
<!-- Generated by org.testng.reporters.JUnitXMLReporter -->
<testsuite ignored="0" hostname="LAPTOP-7NPMMCP5" failures="0" tests="6" name="Default test" time="19.483" errors="0" timestamp="2024-01-20T22:22:42 IST">
  <testcase classname="api.test.DDTests" name="testpostuser" time="4.954"/>
  <testcase classname="api.test.DDTests" name="testpostuser" time="1.784"/>
  <testcase classname="api.test.DDTests" name="testpostuser" time="1.633"/>
  <testcase classname="api.test.DDTests" name="testdeleteuser" time="6.233"/>
  <testcase classname="api.test.DDTests" name="testdeleteuser" time="1.532"/>
  <testcase classname="api.test.DDTests" name="testdeleteuser" time="1.633"/>
</testsuite> <!-- Default test -->
