<?xml version="1.0" encoding="UTF-8"?>
<testng-results ignored="0" total="4" passed="4" failed="0" skipped="0">
  <reporter-output>
  </reporter-output>
  <suite started-at="2024-01-21T00:49:02 IST" name="PetSuite" finished-at="2024-01-21T00:49:13 IST" duration-ms="10368">
    <groups>
    </groups>
    <test started-at="2024-01-21T00:49:02 IST" name="PetTests" finished-at="2024-01-21T00:49:13 IST" duration-ms="10368">
      <class name="api.test.UserTests">
        <test-method is-config="true" signature="setupdata()[pri:0, instance:api.test.UserTests@3a93b025]" started-at="2024-01-21T00:49:03 IST" name="setupdata" finished-at="2024-01-21T00:49:04 IST" duration-ms="793" status="PASS">
          <reporter-output>
          </reporter-output>
        </test-method> <!-- setupdata -->
        <test-method signature="testpostUser()[pri:1, instance:api.test.UserTests@3a93b025]" started-at="2024-01-21T00:49:04 IST" name="testpostUser" finished-at="2024-01-21T00:49:07 IST" duration-ms="3330" status="PASS">
          <reporter-output>
          </reporter-output>
        </test-method> <!-- testpostUser -->
        <test-method signature="testGetUserByName()[pri:2, instance:api.test.UserTests@3a93b025]" started-at="2024-01-21T00:49:07 IST" name="testGetUserByName" finished-at="2024-01-21T00:49:08 IST" duration-ms="1494" status="PASS">
          <reporter-output>
          </reporter-output>
        </test-method> <!-- testGetUserByName -->
        <test-method signature="testPostUserByName()[pri:3, instance:api.test.UserTests@3a93b025]" started-at="2024-01-21T00:49:08 IST" name="testPostUserByName" finished-at="2024-01-21T00:49:11 IST" duration-ms="3101" status="PASS">
          <reporter-output>
          </reporter-output>
        </test-method> <!-- testPostUserByName -->
        <test-method signature="testDeleteUserByName()[pri:4, instance:api.test.UserTests@3a93b025]" started-at="2024-01-21T00:49:11 IST" name="testDeleteUserByName" finished-at="2024-01-21T00:49:13 IST" duration-ms="1327" status="PASS">
          <reporter-output>
          </reporter-output>
        </test-method> <!-- testDeleteUserByName -->
      </class> <!-- api.test.UserTests -->
    </test> <!-- PetTests -->
  </suite> <!-- PetSuite -->
</testng-results>
