<?xml version="1.0" encoding="UTF-8"?>
<!-- Generated by org.testng.reporters.JUnitXMLReporter -->
<testsuite ignored="0" hostname="LAPTOP-7NPMMCP5" failures="0" tests="4" name="PetTests" time="13.768" errors="0" timestamp="2024-01-22T20:31:33 IST">
  <testcase classname="api.test.UserTests" name="testpostUser" time="4.117"/>
  <testcase classname="api.test.UserTests" name="testGetUserByName" time="1.351"/>
  <testcase classname="api.test.UserTests" name="testPostUserByName" time="3.012"/>
  <testcase classname="api.test.UserTests" name="testDeleteUserByName" time="1.428"/>
</testsuite> <!-- PetTests -->
