<?xml version="1.0" encoding="UTF-8"?>
<!-- Generated by org.testng.reporters.JUnitXMLReporter -->
<testsuite ignored="0" hostname="LAPTOP-7NPMMCP5" failures="0" tests="4" name="PetTests" time="10.368" errors="0" timestamp="2024-01-21T00:49:13 IST">
  <testcase classname="api.test.UserTests" name="testpostUser" time="3.33"/>
  <testcase classname="api.test.UserTests" name="testGetUserByName" time="1.494"/>
  <testcase classname="api.test.UserTests" name="testPostUserByName" time="3.101"/>
  <testcase classname="api.test.UserTests" name="testDeleteUserByName" time="1.327"/>
</testsuite> <!-- PetTests -->
